\BOOKMARK [0][-]{chapter.1}{\376\377\0001\000\040\176\347\142\177\121\163\174\373\175\042\137\025}{}% 1
\BOOKMARK [1][-]{section.1.1}{\376\377\0001\000.\0001\000\040\174\173\176\347\142\177\121\163\174\373}{chapter.1}% 2
\BOOKMARK [0][-]{chapter.2}{\376\377\0002\000\040\174\173\175\042\137\025}{}% 3
\BOOKMARK [1][-]{section.2.1}{\376\377\0002\000.\0001\000\040\174\173\122\027\210\150}{chapter.2}% 4
\BOOKMARK [0][-]{chapter.3}{\376\377\0003\000\040\145\207\116\366\175\042\137\025}{}% 5
\BOOKMARK [1][-]{section.3.1}{\376\377\0003\000.\0001\000\040\145\207\116\366\122\027\210\150}{chapter.3}% 6
\BOOKMARK [0][-]{chapter.4}{\376\377\0004\000\040\174\173\213\364\146\016}{}% 7
\BOOKMARK [1][-]{section.4.1}{\376\377\0004\000.\0001\000\040\000E\000n\000e\000r\000g\000y\000T\000i\000m\000e\000H\000i\000t\174\173\000\040\123\302\200\003}{chapter.4}% 8
\BOOKMARK [2][-]{subsection.4.1.1}{\376\377\0004\000.\0001\000.\0001\000\040\213\346\176\306\143\317\217\360}{section.4.1}% 9
\BOOKMARK [2][-]{subsection.4.1.2}{\376\377\0004\000.\0001\000.\0002\000\040\142\020\124\130\121\375\145\160\213\364\146\016}{section.4.1}% 10
\BOOKMARK [3][-]{subsubsection.4.1.2.1}{\376\377\0004\000.\0001\000.\0002\000.\0001\000\040\000G\000e\000t\000D\000e\000l\000t\000a\000E\000n\000e\000r\000g\000y\000\050\000\051}{subsection.4.1.2}% 11
\BOOKMARK [3][-]{subsubsection.4.1.2.2}{\376\377\0004\000.\0001\000.\0002\000.\0002\000\040\000G\000e\000t\000N\000a\000m\000e\000\050\000\051}{subsection.4.1.2}% 12
\BOOKMARK [3][-]{subsubsection.4.1.2.3}{\376\377\0004\000.\0001\000.\0002\000.\0003\000\040\000G\000e\000t\000P\000o\000s\000i\000t\000i\000o\000n\000\050\000\051}{subsection.4.1.2}% 13
\BOOKMARK [3][-]{subsubsection.4.1.2.4}{\376\377\0004\000.\0001\000.\0002\000.\0004\000\040\000G\000e\000t\000T\000i\000m\000e\000\050\000\051}{subsection.4.1.2}% 14
\BOOKMARK [3][-]{subsubsection.4.1.2.5}{\376\377\0004\000.\0001\000.\0002\000.\0005\000\040\000o\000p\000e\000r\000a\000t\000o\000r\000\040\000d\000e\000l\000e\000t\000e\000\050\000\051}{subsection.4.1.2}% 15
\BOOKMARK [3][-]{subsubsection.4.1.2.6}{\376\377\0004\000.\0001\000.\0002\000.\0006\000\040\000o\000p\000e\000r\000a\000t\000o\000r\000\040\000n\000e\000w\000\050\000\051}{subsection.4.1.2}% 16
\BOOKMARK [3][-]{subsubsection.4.1.2.7}{\376\377\0004\000.\0001\000.\0002\000.\0007\000\040\000S\000e\000t\000D\000e\000l\000t\000a\000E\000n\000e\000r\000g\000y\000\050\000\051}{subsection.4.1.2}% 17
\BOOKMARK [3][-]{subsubsection.4.1.2.8}{\376\377\0004\000.\0001\000.\0002\000.\0008\000\040\000S\000e\000t\000N\000a\000m\000e\000\050\000\051}{subsection.4.1.2}% 18
\BOOKMARK [3][-]{subsubsection.4.1.2.9}{\376\377\0004\000.\0001\000.\0002\000.\0009\000\040\000S\000e\000t\000P\000o\000s\000i\000t\000i\000o\000n\000\050\000\051}{subsection.4.1.2}% 19
\BOOKMARK [3][-]{subsubsection.4.1.2.10}{\376\377\0004\000.\0001\000.\0002\000.\0001\0000\000\040\000S\000e\000t\000T\000i\000m\000e\000\050\000\051}{subsection.4.1.2}% 20
\BOOKMARK [2][-]{subsection.4.1.3}{\376\377\0004\000.\0001\000.\0003\000\040\174\173\142\020\124\130\123\330\221\317\213\364\146\016}{section.4.1}% 21
\BOOKMARK [3][-]{subsubsection.4.1.3.1}{\376\377\0004\000.\0001\000.\0003\000.\0001\000\040\000f\000D\000e\000l\000t\000a\000E\000n\000e\000r\000g\000y}{subsection.4.1.3}% 22
\BOOKMARK [3][-]{subsubsection.4.1.3.2}{\376\377\0004\000.\0001\000.\0003\000.\0002\000\040\000f\000n\000a\000m\000e}{subsection.4.1.3}% 23
\BOOKMARK [3][-]{subsubsection.4.1.3.3}{\376\377\0004\000.\0001\000.\0003\000.\0003\000\040\000f\000P\000o\000s\000i\000t\000i\000o\000n}{subsection.4.1.3}% 24
\BOOKMARK [3][-]{subsubsection.4.1.3.4}{\376\377\0004\000.\0001\000.\0003\000.\0004\000\040\000f\000T\000i\000m\000e}{subsection.4.1.3}% 25
\BOOKMARK [1][-]{section.4.2}{\376\377\0004\000.\0002\000\040\000E\000n\000e\000r\000g\000y\000T\000i\000m\000e\000S\000D\174\173\000\040\123\302\200\003}{chapter.4}% 26
\BOOKMARK [2][-]{subsection.4.2.1}{\376\377\0004\000.\0002\000.\0001\000\040\213\346\176\306\143\317\217\360}{section.4.2}% 27
\BOOKMARK [2][-]{subsection.4.2.2}{\376\377\0004\000.\0002\000.\0002\000\040\147\204\220\040\123\312\147\220\147\204\121\375\145\160\213\364\146\016}{section.4.2}% 28
\BOOKMARK [3][-]{subsubsection.4.2.2.1}{\376\377\0004\000.\0002\000.\0002\000.\0001\000\040\000E\000n\000e\000r\000g\000y\000T\000i\000m\000e\000S\000D\000\050\000\051}{subsection.4.2.2}% 29
\BOOKMARK [2][-]{subsection.4.2.3}{\376\377\0004\000.\0002\000.\0003\000\040\142\020\124\130\121\375\145\160\213\364\146\016}{section.4.2}% 30
\BOOKMARK [3][-]{subsubsection.4.2.3.1}{\376\377\0004\000.\0002\000.\0003\000.\0001\000\040\000I\000n\000i\000t\000i\000a\000l\000i\000z\000e\000\050\000\051}{subsection.4.2.3}% 31
\BOOKMARK [3][-]{subsubsection.4.2.3.2}{\376\377\0004\000.\0002\000.\0003\000.\0002\000\040\000P\000r\000o\000c\000e\000s\000s\000H\000i\000t\000s\000\050\000\051}{subsection.4.2.3}% 32
\BOOKMARK [2][-]{subsection.4.2.4}{\376\377\0004\000.\0002\000.\0004\000\040\174\173\142\020\124\130\123\330\221\317\213\364\146\016}{section.4.2}% 33
\BOOKMARK [3][-]{subsubsection.4.2.4.1}{\376\377\0004\000.\0002\000.\0004\000.\0001\000\040\000f\000H\000i\000t\000s\000C\000o\000l\000l\000e\000c\000t\000i\000o\000n}{subsection.4.2.4}% 34
\BOOKMARK [3][-]{subsubsection.4.2.4.2}{\376\377\0004\000.\0002\000.\0004\000.\0002\000\040\000f\000H\000i\000t\000s\000C\000o\000l\000l\000e\000c\000t\000i\000o\000n\000I\000d}{subsection.4.2.4}% 35
\BOOKMARK [1][-]{section.4.3}{\376\377\0004\000.\0003\000\040\000m\000u\000o\000n\000A\000c\000t\000i\000o\000n\000I\000n\000i\000t\000i\000a\000l\000i\000z\000a\000t\000i\000o\000n\174\173\000\040\123\302\200\003}{chapter.4}% 36
\BOOKMARK [2][-]{subsection.4.3.1}{\376\377\0004\000.\0003\000.\0001\000\040\213\346\176\306\143\317\217\360}{section.4.3}% 37
\BOOKMARK [2][-]{subsection.4.3.2}{\376\377\0004\000.\0003\000.\0002\000\040\147\204\220\040\123\312\147\220\147\204\121\375\145\160\213\364\146\016}{section.4.3}% 38
\BOOKMARK [3][-]{subsubsection.4.3.2.1}{\376\377\0004\000.\0003\000.\0002\000.\0001\000\040\000m\000u\000o\000n\000A\000c\000t\000i\000o\000n\000I\000n\000i\000t\000i\000a\000l\000i\000z\000a\000t\000i\000o\000n\000\050\000\051}{subsection.4.3.2}% 39
\BOOKMARK [3][-]{subsubsection.4.3.2.2}{\376\377\0004\000.\0003\000.\0002\000.\0002\000\040\000\040\000m\000u\000o\000n\000A\000c\000t\000i\000o\000n\000I\000n\000i\000t\000i\000a\000l\000i\000z\000a\000t\000i\000o\000n\000\050\000\051}{subsection.4.3.2}% 40
\BOOKMARK [2][-]{subsection.4.3.3}{\376\377\0004\000.\0003\000.\0003\000\040\142\020\124\130\121\375\145\160\213\364\146\016}{section.4.3}% 41
\BOOKMARK [3][-]{subsubsection.4.3.3.1}{\376\377\0004\000.\0003\000.\0003\000.\0001\000\040\000B\000u\000i\000l\000d\000\050\000\051}{subsection.4.3.3}% 42
\BOOKMARK [3][-]{subsubsection.4.3.3.2}{\376\377\0004\000.\0003\000.\0003\000.\0002\000\040\000B\000u\000i\000l\000d\000F\000o\000r\000M\000a\000s\000t\000e\000r\000\050\000\051}{subsection.4.3.3}% 43
\BOOKMARK [1][-]{section.4.4}{\376\377\0004\000.\0004\000\040\000m\000u\000o\000n\000D\000e\000t\000e\000c\000t\000o\000r\000C\000o\000n\000s\000t\000r\000u\000c\000t\000i\000o\000n\174\173\000\040\123\302\200\003}{chapter.4}% 44
\BOOKMARK [2][-]{subsection.4.4.1}{\376\377\0004\000.\0004\000.\0001\000\040\213\346\176\306\143\317\217\360}{section.4.4}% 45
\BOOKMARK [2][-]{subsection.4.4.2}{\376\377\0004\000.\0004\000.\0002\000\040\147\204\220\040\123\312\147\220\147\204\121\375\145\160\213\364\146\016}{section.4.4}% 46
\BOOKMARK [3][-]{subsubsection.4.4.2.1}{\376\377\0004\000.\0004\000.\0002\000.\0001\000\040\000m\000u\000o\000n\000D\000e\000t\000e\000c\000t\000o\000r\000C\000o\000n\000s\000t\000r\000u\000c\000t\000i\000o\000n\000\050\000\051}{subsection.4.4.2}% 47
\BOOKMARK [3][-]{subsubsection.4.4.2.2}{\376\377\0004\000.\0004\000.\0002\000.\0002\000\040\000\040\000m\000u\000o\000n\000D\000e\000t\000e\000c\000t\000o\000r\000C\000o\000n\000s\000t\000r\000u\000c\000t\000i\000o\000n\000\050\000\051}{subsection.4.4.2}% 48
\BOOKMARK [2][-]{subsection.4.4.3}{\376\377\0004\000.\0004\000.\0003\000\040\142\020\124\130\121\375\145\160\213\364\146\016}{section.4.4}% 49
\BOOKMARK [3][-]{subsubsection.4.4.3.1}{\376\377\0004\000.\0004\000.\0003\000.\0001\000\040\000C\000o\000n\000s\000t\000r\000u\000c\000t\000\050\000\051}{subsection.4.4.3}% 50
\BOOKMARK [3][-]{subsubsection.4.4.3.2}{\376\377\0004\000.\0004\000.\0003\000.\0002\000\040\000C\000o\000n\000s\000t\000r\000u\000c\000t\000m\000u\000o\000n\000d\000e\000t\000e\000c\000t\000o\000r\000\050\000\051}{subsection.4.4.3}% 51
\BOOKMARK [3][-]{subsubsection.4.4.3.3}{\376\377\0004\000.\0004\000.\0003\000.\0003\000\040\000C\000o\000n\000s\000t\000r\000u\000c\000t\000P\000M\000T\000\050\000\051}{subsection.4.4.3}% 52
\BOOKMARK [3][-]{subsubsection.4.4.3.4}{\376\377\0004\000.\0004\000.\0003\000.\0004\000\040\000C\000o\000n\000s\000t\000r\000u\000c\000t\000R\000e\000f\000l\000e\000c\000t\000i\000o\000n\000\050\000\051}{subsection.4.4.3}% 53
\BOOKMARK [3][-]{subsubsection.4.4.3.5}{\376\377\0004\000.\0004\000.\0003\000.\0005\000\040\000C\000o\000n\000s\000t\000r\000u\000c\000t\000S\000D\000a\000n\000d\000F\000i\000e\000l\000d\000\050\000\051}{subsection.4.4.3}% 54
\BOOKMARK [2][-]{subsection.4.4.4}{\376\377\0004\000.\0004\000.\0004\000\040\174\173\142\020\124\130\123\330\221\317\213\364\146\016}{section.4.4}% 55
\BOOKMARK [3][-]{subsubsection.4.4.4.1}{\376\377\0004\000.\0004\000.\0004\000.\0001\000\040\000c\000\137\000l\000i\000g\000h\000t}{subsection.4.4.4}% 56
\BOOKMARK [3][-]{subsubsection.4.4.4.2}{\376\377\0004\000.\0004\000.\0004\000.\0002\000\040\000c\000h\000e\000c\000k\000O\000v\000e\000r\000l\000a\000p\000s}{subsection.4.4.4}% 57
\BOOKMARK [3][-]{subsubsection.4.4.4.3}{\376\377\0004\000.\0004\000.\0004\000.\0003\000\040\000f\000M\000a\000t\000e\000r\000i\000a\000l}{subsection.4.4.4}% 58
\BOOKMARK [3][-]{subsubsection.4.4.4.4}{\376\377\0004\000.\0004\000.\0004\000.\0004\000\040\000h\000\137\000P\000l\000a\000n\000c\000k}{subsection.4.4.4}% 59
\BOOKMARK [3][-]{subsubsection.4.4.4.5}{\376\377\0004\000.\0004\000.\0004\000.\0005\000\040\000p\000h\000i}{subsection.4.4.4}% 60
\BOOKMARK [3][-]{subsubsection.4.4.4.6}{\376\377\0004\000.\0004\000.\0004\000.\0006\000\040\000P\000M\000T\000\137\000t\000h\000i\000c\000k}{subsection.4.4.4}% 61
\BOOKMARK [3][-]{subsubsection.4.4.4.7}{\376\377\0004\000.\0004\000.\0004\000.\0007\000\040\000P\000M\000T\000\137\000x}{subsection.4.4.4}% 62
\BOOKMARK [3][-]{subsubsection.4.4.4.8}{\376\377\0004\000.\0004\000.\0004\000.\0008\000\040\000P\000M\000T\000\137\000y}{subsection.4.4.4}% 63
\BOOKMARK [3][-]{subsubsection.4.4.4.9}{\376\377\0004\000.\0004\000.\0004\000.\0009\000\040\000P\000M\000T\000p\000o\000s\0001}{subsection.4.4.4}% 64
\BOOKMARK [3][-]{subsubsection.4.4.4.10}{\376\377\0004\000.\0004\000.\0004\000.\0001\0000\000\040\000P\000M\000T\000p\000o\000s\0002}{subsection.4.4.4}% 65
\BOOKMARK [3][-]{subsubsection.4.4.4.11}{\376\377\0004\000.\0004\000.\0004\000.\0001\0001\000\040\000p\000o\000s\0001}{subsection.4.4.4}% 66
\BOOKMARK [3][-]{subsubsection.4.4.4.12}{\376\377\0004\000.\0004\000.\0004\000.\0001\0002\000\040\000p\000o\000s\0002}{subsection.4.4.4}% 67
\BOOKMARK [3][-]{subsubsection.4.4.4.13}{\376\377\0004\000.\0004\000.\0004\000.\0001\0003\000\040\000r\000o\000t\000m}{subsection.4.4.4}% 68
\BOOKMARK [3][-]{subsubsection.4.4.4.14}{\376\377\0004\000.\0004\000.\0004\000.\0001\0004\000\040\000r\000p\000o\000s\0001}{subsection.4.4.4}% 69
\BOOKMARK [3][-]{subsubsection.4.4.4.15}{\376\377\0004\000.\0004\000.\0004\000.\0001\0005\000\040\000r\000p\000o\000s\0002}{subsection.4.4.4}% 70
\BOOKMARK [3][-]{subsubsection.4.4.4.16}{\376\377\0004\000.\0004\000.\0004\000.\0001\0006\000\040\000r\000s\000h\000a\000p\000e\000\137\000x\0001}{subsection.4.4.4}% 71
\BOOKMARK [3][-]{subsubsection.4.4.4.17}{\376\377\0004\000.\0004\000.\0004\000.\0001\0007\000\040\000r\000s\000h\000a\000p\000e\000\137\000x\0002}{subsection.4.4.4}% 72
\BOOKMARK [3][-]{subsubsection.4.4.4.18}{\376\377\0004\000.\0004\000.\0004\000.\0001\0008\000\040\000r\000s\000h\000a\000p\000e\000\137\000y\0001}{subsection.4.4.4}% 73
\BOOKMARK [3][-]{subsubsection.4.4.4.19}{\376\377\0004\000.\0004\000.\0004\000.\0001\0009\000\040\000r\000s\000h\000a\000p\000e\000\137\000y\0002}{subsection.4.4.4}% 74
\BOOKMARK [3][-]{subsubsection.4.4.4.20}{\376\377\0004\000.\0004\000.\0004\000.\0002\0000\000\040\000r\000s\000h\000a\000p\000e\000\137\000z}{subsection.4.4.4}% 75
\BOOKMARK [3][-]{subsubsection.4.4.4.21}{\376\377\0004\000.\0004\000.\0004\000.\0002\0001\000\040\000s\000h\000a\000p\000e\000\137\000x\0001}{subsection.4.4.4}% 76
\BOOKMARK [3][-]{subsubsection.4.4.4.22}{\376\377\0004\000.\0004\000.\0004\000.\0002\0002\000\040\000s\000h\000a\000p\000e\000\137\000x\0002}{subsection.4.4.4}% 77
\BOOKMARK [3][-]{subsubsection.4.4.4.23}{\376\377\0004\000.\0004\000.\0004\000.\0002\0003\000\040\000s\000h\000a\000p\000e\000\137\000y\0001}{subsection.4.4.4}% 78
\BOOKMARK [3][-]{subsubsection.4.4.4.24}{\376\377\0004\000.\0004\000.\0004\000.\0002\0004\000\040\000s\000h\000a\000p\000e\000\137\000y\0002}{subsection.4.4.4}% 79
\BOOKMARK [3][-]{subsubsection.4.4.4.25}{\376\377\0004\000.\0004\000.\0004\000.\0002\0005\000\040\000s\000h\000a\000p\000e\000\137\000z}{subsection.4.4.4}% 80
\BOOKMARK [3][-]{subsubsection.4.4.4.26}{\376\377\0004\000.\0004\000.\0004\000.\0002\0006\000\040\000w\000o\000r\000l\000d\000\137\000s\000i\000z\000e\000X\000Y}{subsection.4.4.4}% 81
\BOOKMARK [3][-]{subsubsection.4.4.4.27}{\376\377\0004\000.\0004\000.\0004\000.\0002\0007\000\040\000w\000o\000r\000l\000d\000\137\000s\000i\000z\000e\000Z}{subsection.4.4.4}% 82
\BOOKMARK [1][-]{section.4.5}{\376\377\0004\000.\0005\000\040\000m\000u\000o\000n\000E\000v\000e\000n\000t\000A\000c\000t\000i\000o\000n\174\173\000\040\123\302\200\003}{chapter.4}% 83
\BOOKMARK [2][-]{subsection.4.5.1}{\376\377\0004\000.\0005\000.\0001\000\040\213\346\176\306\143\317\217\360}{section.4.5}% 84
\BOOKMARK [2][-]{subsection.4.5.2}{\376\377\0004\000.\0005\000.\0002\000\040\147\204\220\040\123\312\147\220\147\204\121\375\145\160\213\364\146\016}{section.4.5}% 85
\BOOKMARK [3][-]{subsubsection.4.5.2.1}{\376\377\0004\000.\0005\000.\0002\000.\0001\000\040\000m\000u\000o\000n\000E\000v\000e\000n\000t\000A\000c\000t\000i\000o\000n\000\050\000\051}{subsection.4.5.2}% 86
\BOOKMARK [3][-]{subsubsection.4.5.2.2}{\376\377\0004\000.\0005\000.\0002\000.\0002\000\040\000\040\000m\000u\000o\000n\000E\000v\000e\000n\000t\000A\000c\000t\000i\000o\000n\000\050\000\051}{subsection.4.5.2}% 87
\BOOKMARK [2][-]{subsection.4.5.3}{\376\377\0004\000.\0005\000.\0003\000\040\142\020\124\130\121\375\145\160\213\364\146\016}{section.4.5}% 88
\BOOKMARK [3][-]{subsubsection.4.5.3.1}{\376\377\0004\000.\0005\000.\0003\000.\0001\000\040\000E\000n\000d\000O\000f\000E\000v\000e\000n\000t\000A\000c\000t\000i\000o\000n\000\050\000\051}{subsection.4.5.3}% 89
\BOOKMARK [2][-]{subsection.4.5.4}{\376\377\0004\000.\0005\000.\0004\000\040\174\173\142\020\124\130\123\330\221\317\213\364\146\016}{section.4.5}% 90
\BOOKMARK [3][-]{subsubsection.4.5.4.1}{\376\377\0004\000.\0005\000.\0004\000.\0001\000\040\000m\000u\000o\000n\000d\000e\000t\000e\000c\000t\000o\000r\000E\000n\000I\000d}{subsection.4.5.4}% 91
\BOOKMARK [3][-]{subsubsection.4.5.4.2}{\376\377\0004\000.\0005\000.\0004\000.\0002\000\040\000P\000M\000T\000\137\000I\000d}{subsection.4.5.4}% 92
\BOOKMARK [1][-]{section.4.6}{\376\377\0004\000.\0006\000\040\000m\000u\000o\000n\000E\000x\000t\000r\000a\000P\000h\000y\000s\000i\000c\000s\174\173\000\040\123\302\200\003}{chapter.4}% 93
\BOOKMARK [2][-]{subsection.4.6.1}{\376\377\0004\000.\0006\000.\0001\000\040\213\346\176\306\143\317\217\360}{section.4.6}% 94
\BOOKMARK [2][-]{subsection.4.6.2}{\376\377\0004\000.\0006\000.\0002\000\040\147\204\220\040\123\312\147\220\147\204\121\375\145\160\213\364\146\016}{section.4.6}% 95
\BOOKMARK [3][-]{subsubsection.4.6.2.1}{\376\377\0004\000.\0006\000.\0002\000.\0001\000\040\000m\000u\000o\000n\000E\000x\000t\000r\000a\000P\000h\000y\000s\000i\000c\000s\000\050\000\051}{subsection.4.6.2}% 96
\BOOKMARK [3][-]{subsubsection.4.6.2.2}{\376\377\0004\000.\0006\000.\0002\000.\0002\000\040\000\040\000m\000u\000o\000n\000E\000x\000t\000r\000a\000P\000h\000y\000s\000i\000c\000s\000\050\000\051}{subsection.4.6.2}% 97
\BOOKMARK [2][-]{subsection.4.6.3}{\376\377\0004\000.\0006\000.\0003\000\040\142\020\124\130\121\375\145\160\213\364\146\016}{section.4.6}% 98
\BOOKMARK [3][-]{subsubsection.4.6.3.1}{\376\377\0004\000.\0006\000.\0003\000.\0001\000\040\000C\000o\000n\000s\000t\000r\000u\000c\000t\000P\000a\000r\000t\000i\000c\000l\000e\000\050\000\051}{subsection.4.6.3}% 99
\BOOKMARK [3][-]{subsubsection.4.6.3.2}{\376\377\0004\000.\0006\000.\0003\000.\0002\000\040\000C\000o\000n\000s\000t\000r\000u\000c\000t\000P\000r\000o\000c\000e\000s\000s\000\050\000\051}{subsection.4.6.3}% 100
\BOOKMARK [1][-]{section.4.7}{\376\377\0004\000.\0007\000\040\000m\000u\000o\000n\000M\000a\000t\000e\000r\000i\000a\000l\174\173\000\040\123\302\200\003}{chapter.4}% 101
\BOOKMARK [2][-]{subsection.4.7.1}{\376\377\0004\000.\0007\000.\0001\000\040\213\346\176\306\143\317\217\360}{section.4.7}% 102
\BOOKMARK [2][-]{subsection.4.7.2}{\376\377\0004\000.\0007\000.\0002\000\040\147\204\220\040\123\312\147\220\147\204\121\375\145\160\213\364\146\016}{section.4.7}% 103
\BOOKMARK [3][-]{subsubsection.4.7.2.1}{\376\377\0004\000.\0007\000.\0002\000.\0001\000\040\000m\000u\000o\000n\000M\000a\000t\000e\000r\000i\000a\000l\000\050\000\051}{subsection.4.7.2}% 104
\BOOKMARK [3][-]{subsubsection.4.7.2.2}{\376\377\0004\000.\0007\000.\0002\000.\0002\000\040\000\040\000m\000u\000o\000n\000M\000a\000t\000e\000r\000i\000a\000l\000\050\000\051}{subsection.4.7.2}% 105
\BOOKMARK [2][-]{subsection.4.7.3}{\376\377\0004\000.\0007\000.\0003\000\040\142\020\124\130\121\375\145\160\213\364\146\016}{section.4.7}% 106
\BOOKMARK [3][-]{subsubsection.4.7.3.1}{\376\377\0004\000.\0007\000.\0003\000.\0001\000\040\000C\000r\000e\000a\000t\000e\000M\000a\000t\000e\000r\000i\000a\000l\000s\000\050\000\051}{subsection.4.7.3}% 107
\BOOKMARK [3][-]{subsubsection.4.7.3.2}{\376\377\0004\000.\0007\000.\0003\000.\0002\000\040\000G\000e\000t\000f\000A\000i\000r\000\050\000\051}{subsection.4.7.3}% 108
\BOOKMARK [3][-]{subsubsection.4.7.3.3}{\376\377\0004\000.\0007\000.\0003\000.\0003\000\040\000G\000e\000t\000f\000d\000e\000t\000e\000c\000t\000o\000r\000\050\000\051}{subsection.4.7.3}% 109
\BOOKMARK [3][-]{subsubsection.4.7.3.4}{\376\377\0004\000.\0007\000.\0003\000.\0004\000\040\000G\000e\000t\000f\000P\000M\000T\000\050\000\051}{subsection.4.7.3}% 110
\BOOKMARK [3][-]{subsubsection.4.7.3.5}{\376\377\0004\000.\0007\000.\0003\000.\0005\000\040\000G\000e\000t\000f\000r\000e\000f\000l\000e\000c\000t\000\050\000\051}{subsection.4.7.3}% 111
\BOOKMARK [3][-]{subsubsection.4.7.3.6}{\376\377\0004\000.\0007\000.\0003\000.\0006\000\040\000G\000e\000t\000I\000n\000s\000t\000a\000n\000c\000e\000\050\000\051}{subsection.4.7.3}% 112
\BOOKMARK [3][-]{subsubsection.4.7.3.7}{\376\377\0004\000.\0007\000.\0003\000.\0007\000\040\000G\000e\000t\000M\000a\000t\000e\000r\000i\000a\000l\000\050\000\051}{subsection.4.7.3}% 113
\BOOKMARK [2][-]{subsection.4.7.4}{\376\377\0004\000.\0007\000.\0004\000\040\174\173\142\020\124\130\123\330\221\317\213\364\146\016}{section.4.7}% 114
\BOOKMARK [3][-]{subsubsection.4.7.4.1}{\376\377\0004\000.\0007\000.\0004\000.\0001\000\040\000f\000A\000i\000r}{subsection.4.7.4}% 115
\BOOKMARK [3][-]{subsubsection.4.7.4.2}{\376\377\0004\000.\0007\000.\0004\000.\0002\000\040\000f\000d\000e\000t\000e\000c\000t\000o\000r}{subsection.4.7.4}% 116
\BOOKMARK [3][-]{subsubsection.4.7.4.3}{\376\377\0004\000.\0007\000.\0004\000.\0003\000\040\000f\000I\000n\000s\000t\000a\000n\000c\000e}{subsection.4.7.4}% 117
\BOOKMARK [3][-]{subsubsection.4.7.4.4}{\376\377\0004\000.\0007\000.\0004\000.\0004\000\040\000f\000N\000i\000s\000t\000M\000a\000n}{subsection.4.7.4}% 118
\BOOKMARK [3][-]{subsubsection.4.7.4.5}{\376\377\0004\000.\0007\000.\0004\000.\0005\000\040\000f\000P\000M\000T}{subsection.4.7.4}% 119
\BOOKMARK [3][-]{subsubsection.4.7.4.6}{\376\377\0004\000.\0007\000.\0004\000.\0006\000\040\000f\000r\000e\000f\000l\000e\000c\000t}{subsection.4.7.4}% 120
\BOOKMARK [1][-]{section.4.8}{\376\377\0004\000.\0008\000\040\000m\000u\000o\000n\000O\000p\000t\000i\000c\000a\000l\000P\000h\000y\000s\000i\000c\000s\174\173\000\040\123\302\200\003}{chapter.4}% 121
\BOOKMARK [2][-]{subsection.4.8.1}{\376\377\0004\000.\0008\000.\0001\000\040\213\346\176\306\143\317\217\360}{section.4.8}% 122
\BOOKMARK [2][-]{subsection.4.8.2}{\376\377\0004\000.\0008\000.\0002\000\040\147\204\220\040\123\312\147\220\147\204\121\375\145\160\213\364\146\016}{section.4.8}% 123
\BOOKMARK [3][-]{subsubsection.4.8.2.1}{\376\377\0004\000.\0008\000.\0002\000.\0001\000\040\000m\000u\000o\000n\000O\000p\000t\000i\000c\000a\000l\000P\000h\000y\000s\000i\000c\000s\000\050\000\051}{subsection.4.8.2}% 124
\BOOKMARK [3][-]{subsubsection.4.8.2.2}{\376\377\0004\000.\0008\000.\0002\000.\0002\000\040\000\040\000m\000u\000o\000n\000O\000p\000t\000i\000c\000a\000l\000P\000h\000y\000s\000i\000c\000s\000\050\000\051}{subsection.4.8.2}% 125
\BOOKMARK [2][-]{subsection.4.8.3}{\376\377\0004\000.\0008\000.\0003\000\040\142\020\124\130\121\375\145\160\213\364\146\016}{section.4.8}% 126
\BOOKMARK [3][-]{subsubsection.4.8.3.1}{\376\377\0004\000.\0008\000.\0003\000.\0001\000\040\000C\000o\000n\000s\000t\000r\000u\000c\000t\000P\000a\000r\000t\000i\000c\000l\000e\000\050\000\051}{subsection.4.8.3}% 127
\BOOKMARK [3][-]{subsubsection.4.8.3.2}{\376\377\0004\000.\0008\000.\0003\000.\0002\000\040\000C\000o\000n\000s\000t\000r\000u\000c\000t\000P\000r\000o\000c\000e\000s\000s\000\050\000\051}{subsection.4.8.3}% 128
\BOOKMARK [3][-]{subsubsection.4.8.3.3}{\376\377\0004\000.\0008\000.\0003\000.\0003\000\040\000G\000e\000t\000A\000b\000s\000o\000r\000p\000t\000i\000o\000n\000P\000r\000o\000c\000e\000s\000s\000\050\000\051}{subsection.4.8.3}% 129
\BOOKMARK [3][-]{subsubsection.4.8.3.4}{\376\377\0004\000.\0008\000.\0003\000.\0004\000\040\000G\000e\000t\000B\000o\000u\000n\000d\000a\000r\000y\000P\000r\000o\000c\000e\000s\000s\000\050\000\051}{subsection.4.8.3}% 130
\BOOKMARK [3][-]{subsubsection.4.8.3.5}{\376\377\0004\000.\0008\000.\0003\000.\0005\000\040\000G\000e\000t\000C\000e\000r\000e\000n\000k\000o\000v\000P\000r\000o\000c\000e\000s\000s\000\050\000\051}{subsection.4.8.3}% 131
\BOOKMARK [3][-]{subsubsection.4.8.3.6}{\376\377\0004\000.\0008\000.\0003\000.\0006\000\040\000G\000e\000t\000M\000i\000e\000H\000G\000S\000c\000a\000t\000t\000e\000r\000i\000n\000g\000P\000r\000o\000c\000e\000s\000s\000\050\000\051}{subsection.4.8.3}% 132
\BOOKMARK [3][-]{subsubsection.4.8.3.7}{\376\377\0004\000.\0008\000.\0003\000.\0007\000\040\000G\000e\000t\000R\000a\000y\000l\000e\000i\000g\000h\000S\000c\000a\000t\000t\000e\000r\000i\000n\000g\000P\000r\000o\000c\000e\000s\000s\000\050\000\051}{subsection.4.8.3}% 133
\BOOKMARK [3][-]{subsubsection.4.8.3.8}{\376\377\0004\000.\0008\000.\0003\000.\0008\000\040\000G\000e\000t\000S\000c\000i\000n\000t\000i\000l\000l\000a\000t\000i\000o\000n\000P\000r\000o\000c\000e\000s\000s\000\050\000\051}{subsection.4.8.3}% 134
\BOOKMARK [3][-]{subsubsection.4.8.3.9}{\376\377\0004\000.\0008\000.\0003\000.\0009\000\040\000G\000e\000t\000W\000L\000S\000P\000r\000o\000c\000e\000s\000s\000\050\000\051}{subsection.4.8.3}% 135
\BOOKMARK [3][-]{subsubsection.4.8.3.10}{\376\377\0004\000.\0008\000.\0003\000.\0001\0000\000\040\000S\000e\000t\000N\000b\000O\000f\000P\000h\000o\000t\000o\000n\000s\000C\000e\000r\000e\000n\000k\000o\000v\000\050\000\051}{subsection.4.8.3}% 136
\BOOKMARK [2][-]{subsection.4.8.4}{\376\377\0004\000.\0008\000.\0004\000\040\174\173\142\020\124\130\123\330\221\317\213\364\146\016}{section.4.8}% 137
\BOOKMARK [3][-]{subsubsection.4.8.4.1}{\376\377\0004\000.\0008\000.\0004\000.\0001\000\040\000f\000A\000b\000s\000o\000r\000p\000t\000i\000o\000n\000O\000n}{subsection.4.8.4}% 138
\BOOKMARK [3][-]{subsubsection.4.8.4.2}{\376\377\0004\000.\0008\000.\0004\000.\0002\000\040\000f\000A\000b\000s\000o\000r\000p\000t\000i\000o\000n\000P\000r\000o\000c\000e\000s\000s}{subsection.4.8.4}% 139
\BOOKMARK [3][-]{subsubsection.4.8.4.3}{\376\377\0004\000.\0008\000.\0004\000.\0003\000\040\000f\000B\000o\000u\000n\000d\000a\000r\000y\000P\000r\000o\000c\000e\000s\000s}{subsection.4.8.4}% 140
\BOOKMARK [3][-]{subsubsection.4.8.4.4}{\376\377\0004\000.\0008\000.\0004\000.\0004\000\040\000f\000C\000e\000r\000e\000n\000k\000o\000v\000P\000r\000o\000c\000e\000s\000s}{subsection.4.8.4}% 141
\BOOKMARK [3][-]{subsubsection.4.8.4.5}{\376\377\0004\000.\0008\000.\0004\000.\0005\000\040\000f\000M\000i\000e\000H\000G\000S\000c\000a\000t\000t\000e\000r\000i\000n\000g\000P\000r\000o\000c\000e\000s\000s}{subsection.4.8.4}% 142
\BOOKMARK [3][-]{subsubsection.4.8.4.6}{\376\377\0004\000.\0008\000.\0004\000.\0006\000\040\000f\000R\000a\000y\000l\000e\000i\000g\000h\000S\000c\000a\000t\000t\000e\000r\000i\000n\000g}{subsection.4.8.4}% 143
\BOOKMARK [3][-]{subsubsection.4.8.4.7}{\376\377\0004\000.\0008\000.\0004\000.\0007\000\040\000f\000S\000c\000i\000n\000t\000P\000r\000o\000c\000e\000s\000s}{subsection.4.8.4}% 144
\BOOKMARK [3][-]{subsubsection.4.8.4.8}{\376\377\0004\000.\0008\000.\0004\000.\0008\000\040\000f\000W\000L\000S\000P\000r\000o\000c\000e\000s\000s}{subsection.4.8.4}% 145
\BOOKMARK [1][-]{section.4.9}{\376\377\0004\000.\0009\000\040\000m\000u\000o\000n\000P\000h\000y\000s\000i\000c\000s\000L\000i\000s\000t\174\173\000\040\123\302\200\003}{chapter.4}% 146
\BOOKMARK [2][-]{subsection.4.9.1}{\376\377\0004\000.\0009\000.\0001\000\040\213\346\176\306\143\317\217\360}{section.4.9}% 147
\BOOKMARK [2][-]{subsection.4.9.2}{\376\377\0004\000.\0009\000.\0002\000\040\147\204\220\040\123\312\147\220\147\204\121\375\145\160\213\364\146\016}{section.4.9}% 148
\BOOKMARK [3][-]{subsubsection.4.9.2.1}{\376\377\0004\000.\0009\000.\0002\000.\0001\000\040\000m\000u\000o\000n\000P\000h\000y\000s\000i\000c\000s\000L\000i\000s\000t\000\050\000\051}{subsection.4.9.2}% 149
\BOOKMARK [3][-]{subsubsection.4.9.2.2}{\376\377\0004\000.\0009\000.\0002\000.\0002\000\040\000\040\000m\000u\000o\000n\000P\000h\000y\000s\000i\000c\000s\000L\000i\000s\000t\000\050\000\051}{subsection.4.9.2}% 150
\BOOKMARK [2][-]{subsection.4.9.3}{\376\377\0004\000.\0009\000.\0003\000\040\142\020\124\130\121\375\145\160\213\364\146\016}{section.4.9}% 151
\BOOKMARK [3][-]{subsubsection.4.9.3.1}{\376\377\0004\000.\0009\000.\0003\000.\0001\000\040\000A\000d\000d\000S\000t\000e\000p\000M\000a\000x\000\050\000\051}{subsection.4.9.3}% 152
\BOOKMARK [3][-]{subsubsection.4.9.3.2}{\376\377\0004\000.\0009\000.\0003\000.\0002\000\040\000C\000l\000e\000a\000r\000P\000h\000y\000s\000i\000c\000s\000\050\000\051}{subsection.4.9.3}% 153
\BOOKMARK [3][-]{subsubsection.4.9.3.3}{\376\377\0004\000.\0009\000.\0003\000.\0003\000\040\000C\000o\000n\000s\000t\000r\000u\000c\000t\000P\000a\000r\000t\000i\000c\000l\000e\000\050\000\051}{subsection.4.9.3}% 154
\BOOKMARK [3][-]{subsubsection.4.9.3.4}{\376\377\0004\000.\0009\000.\0003\000.\0004\000\040\000C\000o\000n\000s\000t\000r\000u\000c\000t\000P\000r\000o\000c\000e\000s\000s\000\050\000\051}{subsection.4.9.3}% 155
\BOOKMARK [3][-]{subsubsection.4.9.3.5}{\376\377\0004\000.\0009\000.\0003\000.\0005\000\040\000G\000e\000t\000S\000t\000e\000p\000M\000a\000x\000P\000r\000o\000c\000e\000s\000s\000\050\000\051}{subsection.4.9.3}% 156
\BOOKMARK [3][-]{subsubsection.4.9.3.6}{\376\377\0004\000.\0009\000.\0003\000.\0006\000\040\000R\000e\000m\000o\000v\000e\000F\000r\000o\000m\000P\000h\000y\000s\000i\000c\000s\000L\000i\000s\000t\000\050\000\051}{subsection.4.9.3}% 157
\BOOKMARK [3][-]{subsubsection.4.9.3.7}{\376\377\0004\000.\0009\000.\0003\000.\0007\000\040\000S\000e\000t\000A\000b\000s\000o\000r\000p\000t\000i\000o\000n\000\050\000\051}{subsection.4.9.3}% 158
\BOOKMARK [3][-]{subsubsection.4.9.3.8}{\376\377\0004\000.\0009\000.\0003\000.\0008\000\040\000S\000e\000t\000C\000u\000t\000F\000o\000r\000E\000l\000e\000c\000t\000r\000o\000n\000\050\000\051}{subsection.4.9.3}% 159
\BOOKMARK [3][-]{subsubsection.4.9.3.9}{\376\377\0004\000.\0009\000.\0003\000.\0009\000\040\000S\000e\000t\000C\000u\000t\000F\000o\000r\000G\000a\000m\000m\000a\000\050\000\051}{subsection.4.9.3}% 160
\BOOKMARK [3][-]{subsubsection.4.9.3.10}{\376\377\0004\000.\0009\000.\0003\000.\0001\0000\000\040\000S\000e\000t\000C\000u\000t\000F\000o\000r\000P\000o\000s\000i\000t\000r\000o\000n\000\050\000\051}{subsection.4.9.3}% 161
\BOOKMARK [3][-]{subsubsection.4.9.3.11}{\376\377\0004\000.\0009\000.\0003\000.\0001\0001\000\040\000S\000e\000t\000C\000u\000t\000s\000\050\000\051}{subsection.4.9.3}% 162
\BOOKMARK [3][-]{subsubsection.4.9.3.12}{\376\377\0004\000.\0009\000.\0003\000.\0001\0002\000\040\000S\000e\000t\000N\000b\000O\000f\000P\000h\000o\000t\000o\000n\000s\000C\000e\000r\000e\000n\000k\000o\000v\000\050\000\051}{subsection.4.9.3}% 163
\BOOKMARK [3][-]{subsubsection.4.9.3.13}{\376\377\0004\000.\0009\000.\0003\000.\0001\0003\000\040\000S\000e\000t\000S\000t\000e\000p\000M\000a\000x\000\050\000\051}{subsection.4.9.3}% 164
\BOOKMARK [3][-]{subsubsection.4.9.3.14}{\376\377\0004\000.\0009\000.\0003\000.\0001\0004\000\040\000S\000e\000t\000V\000e\000r\000b\000o\000s\000e\000\050\000\051}{subsection.4.9.3}% 165
\BOOKMARK [2][-]{subsection.4.9.4}{\376\377\0004\000.\0009\000.\0004\000\040\174\173\142\020\124\130\123\330\221\317\213\364\146\016}{section.4.9}% 166
\BOOKMARK [3][-]{subsubsection.4.9.4.1}{\376\377\0004\000.\0009\000.\0004\000.\0001\000\040\000f\000A\000b\000s\000o\000r\000p\000t\000i\000o\000n\000O\000n}{subsection.4.9.4}% 167
\BOOKMARK [3][-]{subsubsection.4.9.4.2}{\376\377\0004\000.\0009\000.\0004\000.\0002\000\040\000f\000C\000u\000t\000F\000o\000r\000E\000l\000e\000c\000t\000r\000o\000n}{subsection.4.9.4}% 168
\BOOKMARK [3][-]{subsubsection.4.9.4.3}{\376\377\0004\000.\0009\000.\0004\000.\0003\000\040\000f\000C\000u\000t\000F\000o\000r\000G\000a\000m\000m\000a}{subsection.4.9.4}% 169
\BOOKMARK [3][-]{subsubsection.4.9.4.4}{\376\377\0004\000.\0009\000.\0004\000.\0004\000\040\000f\000C\000u\000t\000F\000o\000r\000P\000o\000s\000i\000t\000r\000o\000n}{subsection.4.9.4}% 170
\BOOKMARK [3][-]{subsubsection.4.9.4.5}{\376\377\0004\000.\0009\000.\0004\000.\0005\000\040\000f\000M\000e\000s\000s\000e\000n\000g\000e\000r}{subsection.4.9.4}% 171
\BOOKMARK [3][-]{subsubsection.4.9.4.6}{\376\377\0004\000.\0009\000.\0004\000.\0006\000\040\000f\000O\000p\000t\000i\000c\000a\000l\000P\000h\000y\000s\000i\000c\000s}{subsection.4.9.4}% 172
\BOOKMARK [3][-]{subsubsection.4.9.4.7}{\376\377\0004\000.\0009\000.\0004\000.\0007\000\040\000f\000P\000h\000y\000s\000i\000c\000s\000V\000e\000c\000t\000o\000r}{subsection.4.9.4}% 173
\BOOKMARK [3][-]{subsubsection.4.9.4.8}{\376\377\0004\000.\0009\000.\0004\000.\0008\000\040\000f\000S\000t\000e\000p\000M\000a\000x\000P\000r\000o\000c\000e\000s\000s}{subsection.4.9.4}% 174
\BOOKMARK [1][-]{section.4.10}{\376\377\0004\000.\0001\0000\000\040\000m\000u\000o\000n\000P\000h\000y\000s\000i\000c\000s\000L\000i\000s\000t\000M\000e\000s\000s\000e\000n\000g\000e\000r\174\173\000\040\123\302\200\003}{chapter.4}% 175
\BOOKMARK [2][-]{subsection.4.10.1}{\376\377\0004\000.\0001\0000\000.\0001\000\040\213\346\176\306\143\317\217\360}{section.4.10}% 176
\BOOKMARK [2][-]{subsection.4.10.2}{\376\377\0004\000.\0001\0000\000.\0002\000\040\147\204\220\040\123\312\147\220\147\204\121\375\145\160\213\364\146\016}{section.4.10}% 177
\BOOKMARK [3][-]{subsubsection.4.10.2.1}{\376\377\0004\000.\0001\0000\000.\0002\000.\0001\000\040\000m\000u\000o\000n\000P\000h\000y\000s\000i\000c\000s\000L\000i\000s\000t\000M\000e\000s\000s\000e\000n\000g\000e\000r\000\050\000\051}{subsection.4.10.2}% 178
\BOOKMARK [3][-]{subsubsection.4.10.2.2}{\376\377\0004\000.\0001\0000\000.\0002\000.\0002\000\040\000\040\000m\000u\000o\000n\000P\000h\000y\000s\000i\000c\000s\000L\000i\000s\000t\000M\000e\000s\000s\000e\000n\000g\000e\000r\000\050\000\051}{subsection.4.10.2}% 179
\BOOKMARK [2][-]{subsection.4.10.3}{\376\377\0004\000.\0001\0000\000.\0003\000\040\142\020\124\130\121\375\145\160\213\364\146\016}{section.4.10}% 180
\BOOKMARK [3][-]{subsubsection.4.10.3.1}{\376\377\0004\000.\0001\0000\000.\0003\000.\0001\000\040\000S\000e\000t\000N\000e\000w\000V\000a\000l\000u\000e\000\050\000\051}{subsection.4.10.3}% 181
\BOOKMARK [2][-]{subsection.4.10.4}{\376\377\0004\000.\0001\0000\000.\0004\000\040\174\173\142\020\124\130\123\330\221\317\213\364\146\016}{section.4.10}% 182
\BOOKMARK [3][-]{subsubsection.4.10.4.1}{\376\377\0004\000.\0001\0000\000.\0004\000.\0001\000\040\000f\000A\000l\000l\000C\000u\000t\000C\000M\000D}{subsection.4.10.4}% 183
\BOOKMARK [3][-]{subsubsection.4.10.4.2}{\376\377\0004\000.\0001\0000\000.\0004\000.\0002\000\040\000f\000C\000e\000r\000e\000n\000k\000o\000v\000C\000m\000d}{subsection.4.10.4}% 184
\BOOKMARK [3][-]{subsubsection.4.10.4.3}{\376\377\0004\000.\0001\0000\000.\0004\000.\0003\000\040\000f\000C\000l\000e\000a\000r\000P\000h\000y\000s\000i\000c\000s\000C\000M\000D}{subsection.4.10.4}% 185
\BOOKMARK [3][-]{subsubsection.4.10.4.4}{\376\377\0004\000.\0001\0000\000.\0004\000.\0004\000\040\000f\000D\000e\000c\000a\000y\000D\000i\000r\000e\000c\000t\000o\000r\000y}{subsection.4.10.4}% 186
\BOOKMARK [3][-]{subsubsection.4.10.4.5}{\376\377\0004\000.\0001\0000\000.\0004\000.\0005\000\040\000f\000D\000i\000r\000e\000c\000t\000o\000r\000y}{subsection.4.10.4}% 187
\BOOKMARK [3][-]{subsubsection.4.10.4.6}{\376\377\0004\000.\0001\0000\000.\0004\000.\0006\000\040\000f\000E\000l\000e\000c\000t\000C\000u\000t\000C\000M\000D}{subsection.4.10.4}% 188
\BOOKMARK [3][-]{subsubsection.4.10.4.7}{\376\377\0004\000.\0001\0000\000.\0004\000.\0007\000\040\000f\000G\000a\000m\000m\000a\000C\000u\000t\000C\000M\000D}{subsection.4.10.4}% 189
\BOOKMARK [3][-]{subsubsection.4.10.4.8}{\376\377\0004\000.\0001\0000\000.\0004\000.\0008\000\040\000f\000L\000i\000s\000t\000C\000M\000D}{subsection.4.10.4}% 190
\BOOKMARK [3][-]{subsubsection.4.10.4.9}{\376\377\0004\000.\0001\0000\000.\0004\000.\0009\000\040\000f\000P\000h\000y\000s\000i\000c\000s\000L\000i\000s\000t}{subsection.4.10.4}% 191
\BOOKMARK [3][-]{subsubsection.4.10.4.10}{\376\377\0004\000.\0001\0000\000.\0004\000.\0001\0000\000\040\000f\000P\000i\000e\000n\000u\000C\000M\000D}{subsection.4.10.4}% 192
\BOOKMARK [3][-]{subsubsection.4.10.4.11}{\376\377\0004\000.\0001\0000\000.\0004\000.\0001\0001\000\040\000f\000P\000i\000m\000u\000n\000u\000C\000M\000D}{subsection.4.10.4}% 193
\BOOKMARK [3][-]{subsubsection.4.10.4.12}{\376\377\0004\000.\0001\0000\000.\0004\000.\0001\0002\000\040\000f\000P\000o\000s\000C\000u\000t\000C\000M\000D}{subsection.4.10.4}% 194
\BOOKMARK [3][-]{subsubsection.4.10.4.13}{\376\377\0004\000.\0001\0000\000.\0004\000.\0001\0003\000\040\000f\000R\000e\000m\000o\000v\000e\000P\000h\000y\000s\000i\000c\000s\000C\000M\000D}{subsection.4.10.4}% 195
\BOOKMARK [3][-]{subsubsection.4.10.4.14}{\376\377\0004\000.\0001\0000\000.\0004\000.\0001\0004\000\040\000f\000S\000e\000t\000A\000b\000s\000o\000r\000p\000t\000i\000o\000n\000C\000M\000D}{subsection.4.10.4}% 196
\BOOKMARK [3][-]{subsubsection.4.10.4.15}{\376\377\0004\000.\0001\0000\000.\0004\000.\0001\0005\000\040\000f\000S\000t\000e\000p\000M\000a\000x\000C\000M\000D}{subsection.4.10.4}% 197
\BOOKMARK [3][-]{subsubsection.4.10.4.16}{\376\377\0004\000.\0001\0000\000.\0004\000.\0001\0006\000\040\000f\000V\000e\000r\000b\000o\000s\000e\000C\000m\000d}{subsection.4.10.4}% 198
\BOOKMARK [1][-]{section.4.11}{\376\377\0004\000.\0001\0001\000\040\000m\000u\000o\000n\000P\000r\000i\000m\000a\000r\000y\000G\000e\000n\000e\000r\000a\000t\000o\000r\000A\000c\000t\000i\000o\000n\174\173\000\040\123\302\200\003}{chapter.4}% 199
\BOOKMARK [2][-]{subsection.4.11.1}{\376\377\0004\000.\0001\0001\000.\0001\000\040\213\346\176\306\143\317\217\360}{section.4.11}% 200
\BOOKMARK [2][-]{subsection.4.11.2}{\376\377\0004\000.\0001\0001\000.\0002\000\040\147\204\220\040\123\312\147\220\147\204\121\375\145\160\213\364\146\016}{section.4.11}% 201
\BOOKMARK [3][-]{subsubsection.4.11.2.1}{\376\377\0004\000.\0001\0001\000.\0002\000.\0001\000\040\000m\000u\000o\000n\000P\000r\000i\000m\000a\000r\000y\000G\000e\000n\000e\000r\000a\000t\000o\000r\000A\000c\000t\000i\000o\000n\000\050\000\051}{subsection.4.11.2}% 202
\BOOKMARK [3][-]{subsubsection.4.11.2.2}{\376\377\0004\000.\0001\0001\000.\0002\000.\0002\000\040\000\040\000m\000u\000o\000n\000P\000r\000i\000m\000a\000r\000y\000G\000e\000n\000e\000r\000a\000t\000o\000r\000A\000c\000t\000i\000o\000n\000\050\000\051}{subsection.4.11.2}% 203
\BOOKMARK [2][-]{subsection.4.11.3}{\376\377\0004\000.\0001\0001\000.\0003\000\040\142\020\124\130\121\375\145\160\213\364\146\016}{section.4.11}% 204
\BOOKMARK [3][-]{subsubsection.4.11.3.1}{\376\377\0004\000.\0001\0001\000.\0003\000.\0001\000\040\000G\000e\000n\000e\000r\000a\000t\000e\000P\000r\000i\000m\000a\000r\000i\000e\000s\000\050\000\051}{subsection.4.11.3}% 205
\BOOKMARK [3][-]{subsubsection.4.11.3.2}{\376\377\0004\000.\0001\0001\000.\0003\000.\0002\000\040\000G\000e\000t\000P\000a\000r\000t\000i\000c\000l\000e\000G\000u\000n\000\050\000\051}{subsection.4.11.3}% 206
\BOOKMARK [2][-]{subsection.4.11.4}{\376\377\0004\000.\0001\0001\000.\0004\000\040\174\173\142\020\124\130\123\330\221\317\213\364\146\016}{section.4.11}% 207
\BOOKMARK [3][-]{subsubsection.4.11.4.1}{\376\377\0004\000.\0001\0001\000.\0004\000.\0001\000\040\000f\000P\000a\000r\000t\000i\000c\000l\000e\000G\000u\000n}{subsection.4.11.4}% 208
\BOOKMARK [1][-]{section.4.12}{\376\377\0004\000.\0001\0002\000\040\000m\000u\000o\000n\000R\000u\000n\000A\000c\000t\000i\000o\000n\174\173\000\040\123\302\200\003}{chapter.4}% 209
\BOOKMARK [2][-]{subsection.4.12.1}{\376\377\0004\000.\0001\0002\000.\0001\000\040\213\346\176\306\143\317\217\360}{section.4.12}% 210
\BOOKMARK [2][-]{subsection.4.12.2}{\376\377\0004\000.\0001\0002\000.\0002\000\040\147\204\220\040\123\312\147\220\147\204\121\375\145\160\213\364\146\016}{section.4.12}% 211
\BOOKMARK [3][-]{subsubsection.4.12.2.1}{\376\377\0004\000.\0001\0002\000.\0002\000.\0001\000\040\000m\000u\000o\000n\000R\000u\000n\000A\000c\000t\000i\000o\000n\000\050\000\051}{subsection.4.12.2}% 212
\BOOKMARK [3][-]{subsubsection.4.12.2.2}{\376\377\0004\000.\0001\0002\000.\0002\000.\0002\000\040\000\040\000m\000u\000o\000n\000R\000u\000n\000A\000c\000t\000i\000o\000n\000\050\000\051}{subsection.4.12.2}% 213
\BOOKMARK [2][-]{subsection.4.12.3}{\376\377\0004\000.\0001\0002\000.\0003\000\040\142\020\124\130\121\375\145\160\213\364\146\016}{section.4.12}% 214
\BOOKMARK [3][-]{subsubsection.4.12.3.1}{\376\377\0004\000.\0001\0002\000.\0003\000.\0001\000\040\000E\000n\000d\000O\000f\000R\000u\000n\000A\000c\000t\000i\000o\000n\000\050\000\051}{subsection.4.12.3}% 215
\BOOKMARK [1][-]{section.4.13}{\376\377\0004\000.\0001\0003\000\040\000m\000u\000o\000n\000S\000t\000e\000p\000M\000a\000x\174\173\000\040\123\302\200\003}{chapter.4}% 216
\BOOKMARK [2][-]{subsection.4.13.1}{\376\377\0004\000.\0001\0003\000.\0001\000\040\213\346\176\306\143\317\217\360}{section.4.13}% 217
\BOOKMARK [2][-]{subsection.4.13.2}{\376\377\0004\000.\0001\0003\000.\0002\000\040\147\204\220\040\123\312\147\220\147\204\121\375\145\160\213\364\146\016}{section.4.13}% 218
\BOOKMARK [3][-]{subsubsection.4.13.2.1}{\376\377\0004\000.\0001\0003\000.\0002\000.\0001\000\040\000m\000u\000o\000n\000S\000t\000e\000p\000M\000a\000x\000\050\000\051\000\040\000[\0001\000/\0003\000]}{subsection.4.13.2}% 219
\BOOKMARK [3][-]{subsubsection.4.13.2.2}{\376\377\0004\000.\0001\0003\000.\0002\000.\0002\000\040\000m\000u\000o\000n\000S\000t\000e\000p\000M\000a\000x\000\050\000\051\000\040\000[\0002\000/\0003\000]}{subsection.4.13.2}% 220
\BOOKMARK [3][-]{subsubsection.4.13.2.3}{\376\377\0004\000.\0001\0003\000.\0002\000.\0003\000\040\000\040\000m\000u\000o\000n\000S\000t\000e\000p\000M\000a\000x\000\050\000\051}{subsection.4.13.2}% 221
\BOOKMARK [3][-]{subsubsection.4.13.2.4}{\376\377\0004\000.\0001\0003\000.\0002\000.\0004\000\040\000m\000u\000o\000n\000S\000t\000e\000p\000M\000a\000x\000\050\000\051\000\040\000[\0003\000/\0003\000]}{subsection.4.13.2}% 222
\BOOKMARK [2][-]{subsection.4.13.3}{\376\377\0004\000.\0001\0003\000.\0003\000\040\142\020\124\130\121\375\145\160\213\364\146\016}{section.4.13}% 223
\BOOKMARK [3][-]{subsubsection.4.13.3.1}{\376\377\0004\000.\0001\0003\000.\0003\000.\0001\000\040\000G\000e\000t\000M\000e\000a\000n\000F\000r\000e\000e\000P\000a\000t\000h\000\050\000\051}{subsection.4.13.3}% 224
\BOOKMARK [3][-]{subsubsection.4.13.3.2}{\376\377\0004\000.\0001\0003\000.\0003\000.\0002\000\040\000G\000e\000t\000S\000t\000e\000p\000M\000a\000x\000\050\000\051}{subsection.4.13.3}% 225
\BOOKMARK [3][-]{subsubsection.4.13.3.3}{\376\377\0004\000.\0001\0003\000.\0003\000.\0003\000\040\000I\000s\000A\000p\000p\000l\000i\000c\000a\000b\000l\000e\000\050\000\051}{subsection.4.13.3}% 226
\BOOKMARK [3][-]{subsubsection.4.13.3.4}{\376\377\0004\000.\0001\0003\000.\0003\000.\0004\000\040\000o\000p\000e\000r\000a\000t\000o\000r\000=\000\050\000\051}{subsection.4.13.3}% 227
\BOOKMARK [3][-]{subsubsection.4.13.3.5}{\376\377\0004\000.\0001\0003\000.\0003\000.\0005\000\040\000P\000o\000s\000t\000S\000t\000e\000p\000D\000o\000I\000t\000\050\000\051}{subsection.4.13.3}% 228
\BOOKMARK [3][-]{subsubsection.4.13.3.6}{\376\377\0004\000.\0001\0003\000.\0003\000.\0006\000\040\000P\000o\000s\000t\000S\000t\000e\000p\000G\000e\000t\000P\000h\000y\000s\000i\000c\000a\000l\000I\000n\000t\000e\000r\000a\000c\000t\000i\000o\000n\000L\000e\000n\000g\000t\000h\000\050\000\051}{subsection.4.13.3}% 229
\BOOKMARK [3][-]{subsubsection.4.13.3.7}{\376\377\0004\000.\0001\0003\000.\0003\000.\0007\000\040\000S\000e\000t\000S\000t\000e\000p\000M\000a\000x\000\050\000\051}{subsection.4.13.3}% 230
\BOOKMARK [2][-]{subsection.4.13.4}{\376\377\0004\000.\0001\0003\000.\0004\000\040\174\173\142\020\124\130\123\330\221\317\213\364\146\016}{section.4.13}% 231
\BOOKMARK [3][-]{subsubsection.4.13.4.1}{\376\377\0004\000.\0001\0003\000.\0004\000.\0001\000\040\000f\000M\000a\000x\000C\000h\000a\000r\000g\000e\000d\000S\000t\000e\000p}{subsection.4.13.4}% 232
\BOOKMARK [1][-]{section.4.14}{\376\377\0004\000.\0001\0004\000\040\000m\000u\000o\000n\000S\000t\000e\000p\000p\000i\000n\000g\000A\000c\000t\000i\000o\000n\174\173\000\040\123\302\200\003}{chapter.4}% 233
\BOOKMARK [2][-]{subsection.4.14.1}{\376\377\0004\000.\0001\0004\000.\0001\000\040\213\346\176\306\143\317\217\360}{section.4.14}% 234
\BOOKMARK [2][-]{subsection.4.14.2}{\376\377\0004\000.\0001\0004\000.\0002\000\040\147\204\220\040\123\312\147\220\147\204\121\375\145\160\213\364\146\016}{section.4.14}% 235
\BOOKMARK [3][-]{subsubsection.4.14.2.1}{\376\377\0004\000.\0001\0004\000.\0002\000.\0001\000\040\000m\000u\000o\000n\000S\000t\000e\000p\000p\000i\000n\000g\000A\000c\000t\000i\000o\000n\000\050\000\051}{subsection.4.14.2}% 236
\BOOKMARK [3][-]{subsubsection.4.14.2.2}{\376\377\0004\000.\0001\0004\000.\0002\000.\0002\000\040\000\040\000m\000u\000o\000n\000S\000t\000e\000p\000p\000i\000n\000g\000A\000c\000t\000i\000o\000n\000\050\000\051}{subsection.4.14.2}% 237
\BOOKMARK [2][-]{subsection.4.14.3}{\376\377\0004\000.\0001\0004\000.\0003\000\040\142\020\124\130\121\375\145\160\213\364\146\016}{section.4.14}% 238
\BOOKMARK [3][-]{subsubsection.4.14.3.1}{\376\377\0004\000.\0001\0004\000.\0003\000.\0001\000\040\000U\000s\000e\000r\000S\000t\000e\000p\000p\000i\000n\000g\000A\000c\000t\000i\000o\000n\000\050\000\051}{subsection.4.14.3}% 239
\BOOKMARK [2][-]{subsection.4.14.4}{\376\377\0004\000.\0001\0004\000.\0004\000\040\174\173\142\020\124\130\123\330\221\317\213\364\146\016}{section.4.14}% 240
\BOOKMARK [3][-]{subsubsection.4.14.4.1}{\376\377\0004\000.\0001\0004\000.\0004\000.\0001\000\040\000f\000E\000v\000e\000n\000t\000A\000c\000t\000i\000o\000n}{subsection.4.14.4}% 241
\BOOKMARK [1][-]{section.4.15}{\376\377\0004\000.\0001\0005\000\040\000P\000M\000T\000h\000i\000t\174\173\000\040\123\302\200\003}{chapter.4}% 242
\BOOKMARK [2][-]{subsection.4.15.1}{\376\377\0004\000.\0001\0005\000.\0001\000\040\213\346\176\306\143\317\217\360}{section.4.15}% 243
\BOOKMARK [2][-]{subsection.4.15.2}{\376\377\0004\000.\0001\0005\000.\0002\000\040\142\020\124\130\121\375\145\160\213\364\146\016}{section.4.15}% 244
\BOOKMARK [3][-]{subsubsection.4.15.2.1}{\376\377\0004\000.\0001\0005\000.\0002\000.\0001\000\040\000G\000e\000t\000D\000e\000l\000t\000a\000E\000n\000e\000r\000g\000y\000\050\000\051}{subsection.4.15.2}% 245
\BOOKMARK [3][-]{subsubsection.4.15.2.2}{\376\377\0004\000.\0001\0005\000.\0002\000.\0002\000\040\000G\000e\000t\000N\000a\000m\000e\000\050\000\051}{subsection.4.15.2}% 246
\BOOKMARK [3][-]{subsubsection.4.15.2.3}{\376\377\0004\000.\0001\0005\000.\0002\000.\0003\000\040\000G\000e\000t\000P\000o\000s\000i\000t\000i\000o\000n\000\050\000\051}{subsection.4.15.2}% 247
\BOOKMARK [3][-]{subsubsection.4.15.2.4}{\376\377\0004\000.\0001\0005\000.\0002\000.\0004\000\040\000G\000e\000t\000T\000i\000m\000e\000\050\000\051}{subsection.4.15.2}% 248
\BOOKMARK [3][-]{subsubsection.4.15.2.5}{\376\377\0004\000.\0001\0005\000.\0002\000.\0005\000\040\000o\000p\000e\000r\000a\000t\000o\000r\000\040\000d\000e\000l\000e\000t\000e\000\050\000\051}{subsection.4.15.2}% 249
\BOOKMARK [3][-]{subsubsection.4.15.2.6}{\376\377\0004\000.\0001\0005\000.\0002\000.\0006\000\040\000o\000p\000e\000r\000a\000t\000o\000r\000\040\000n\000e\000w\000\050\000\051}{subsection.4.15.2}% 250
\BOOKMARK [3][-]{subsubsection.4.15.2.7}{\376\377\0004\000.\0001\0005\000.\0002\000.\0007\000\040\000S\000e\000t\000D\000e\000l\000t\000a\000E\000n\000e\000r\000g\000y\000\050\000\051}{subsection.4.15.2}% 251
\BOOKMARK [3][-]{subsubsection.4.15.2.8}{\376\377\0004\000.\0001\0005\000.\0002\000.\0008\000\040\000S\000e\000t\000N\000a\000m\000e\000\050\000\051}{subsection.4.15.2}% 252
\BOOKMARK [3][-]{subsubsection.4.15.2.9}{\376\377\0004\000.\0001\0005\000.\0002\000.\0009\000\040\000S\000e\000t\000P\000o\000s\000i\000t\000i\000o\000n\000\050\000\051}{subsection.4.15.2}% 253
\BOOKMARK [3][-]{subsubsection.4.15.2.10}{\376\377\0004\000.\0001\0005\000.\0002\000.\0001\0000\000\040\000S\000e\000t\000T\000i\000m\000e\000\050\000\051}{subsection.4.15.2}% 254
\BOOKMARK [2][-]{subsection.4.15.3}{\376\377\0004\000.\0001\0005\000.\0003\000\040\174\173\142\020\124\130\123\330\221\317\213\364\146\016}{section.4.15}% 255
\BOOKMARK [3][-]{subsubsection.4.15.3.1}{\376\377\0004\000.\0001\0005\000.\0003\000.\0001\000\040\000f\000D\000e\000l\000t\000a\000E\000n\000e\000r\000g\000y}{subsection.4.15.3}% 256
\BOOKMARK [3][-]{subsubsection.4.15.3.2}{\376\377\0004\000.\0001\0005\000.\0003\000.\0002\000\040\000f\000n\000a\000m\000e}{subsection.4.15.3}% 257
\BOOKMARK [3][-]{subsubsection.4.15.3.3}{\376\377\0004\000.\0001\0005\000.\0003\000.\0003\000\040\000f\000P\000o\000s\000i\000t\000i\000o\000n}{subsection.4.15.3}% 258
\BOOKMARK [3][-]{subsubsection.4.15.3.4}{\376\377\0004\000.\0001\0005\000.\0003\000.\0004\000\040\000f\000T\000i\000m\000e}{subsection.4.15.3}% 259
\BOOKMARK [1][-]{section.4.16}{\376\377\0004\000.\0001\0006\000\040\000P\000M\000T\000S\000D\174\173\000\040\123\302\200\003}{chapter.4}% 260
\BOOKMARK [2][-]{subsection.4.16.1}{\376\377\0004\000.\0001\0006\000.\0001\000\040\213\346\176\306\143\317\217\360}{section.4.16}% 261
\BOOKMARK [2][-]{subsection.4.16.2}{\376\377\0004\000.\0001\0006\000.\0002\000\040\147\204\220\040\123\312\147\220\147\204\121\375\145\160\213\364\146\016}{section.4.16}% 262
\BOOKMARK [3][-]{subsubsection.4.16.2.1}{\376\377\0004\000.\0001\0006\000.\0002\000.\0001\000\040\000P\000M\000T\000S\000D\000\050\000\051}{subsection.4.16.2}% 263
\BOOKMARK [2][-]{subsection.4.16.3}{\376\377\0004\000.\0001\0006\000.\0003\000\040\142\020\124\130\121\375\145\160\213\364\146\016}{section.4.16}% 264
\BOOKMARK [3][-]{subsubsection.4.16.3.1}{\376\377\0004\000.\0001\0006\000.\0003\000.\0001\000\040\000I\000n\000i\000t\000i\000a\000l\000i\000z\000e\000\050\000\051}{subsection.4.16.3}% 265
\BOOKMARK [3][-]{subsubsection.4.16.3.2}{\376\377\0004\000.\0001\0006\000.\0003\000.\0002\000\040\000P\000r\000o\000c\000e\000s\000s\000H\000i\000t\000s\000\050\000\051}{subsection.4.16.3}% 266
\BOOKMARK [2][-]{subsection.4.16.4}{\376\377\0004\000.\0001\0006\000.\0004\000\040\174\173\142\020\124\130\123\330\221\317\213\364\146\016}{section.4.16}% 267
\BOOKMARK [3][-]{subsubsection.4.16.4.1}{\376\377\0004\000.\0001\0006\000.\0004\000.\0001\000\040\000f\000H\000i\000t\000s\000C\000o\000l\000l\000e\000c\000t\000i\000o\000n}{subsection.4.16.4}% 268
\BOOKMARK [3][-]{subsubsection.4.16.4.2}{\376\377\0004\000.\0001\0006\000.\0004\000.\0002\000\040\000f\000H\000i\000t\000s\000C\000o\000l\000l\000e\000c\000t\000i\000o\000n\000I\000d}{subsection.4.16.4}% 269
\BOOKMARK [0][-]{chapter.5}{\376\377\0005\000\040\145\207\116\366\213\364\146\016}{}% 270
\BOOKMARK [1][-]{section.5.1}{\376\377\0005\000.\0001\000\040\000i\000n\000c\000l\000u\000d\000e\000/\000A\000n\000a\000l\000y\000s\000i\000s\000.\000h\000h\000\040\145\207\116\366\123\302\200\003}{chapter.5}% 271
\BOOKMARK [2][-]{subsection.5.1.1}{\376\377\0005\000.\0001\000.\0001\000\040\213\346\176\306\143\317\217\360}{section.5.1}% 272
\BOOKMARK [1][-]{section.5.2}{\376\377\0005\000.\0002\000\040\000i\000n\000c\000l\000u\000d\000e\000/\000E\000n\000e\000r\000g\000y\000T\000i\000m\000e\000H\000i\000t\000.\000h\000h\000\040\145\207\116\366\123\302\200\003}{chapter.5}% 273
\BOOKMARK [2][-]{subsection.5.2.1}{\376\377\0005\000.\0002\000.\0001\000\040\213\346\176\306\143\317\217\360}{section.5.2}% 274
\BOOKMARK [2][-]{subsection.5.2.2}{\376\377\0005\000.\0002\000.\0002\000\040\174\173\127\213\133\232\116\111\213\364\146\016}{section.5.2}% 275
\BOOKMARK [3][-]{subsubsection.5.2.2.1}{\376\377\0005\000.\0002\000.\0002\000.\0001\000\040\000E\000n\000e\000r\000g\000y\000T\000i\000m\000e\000H\000i\000t\000s\000C\000o\000l\000l\000e\000c\000t\000i\000o\000n}{subsection.5.2.2}% 276
\BOOKMARK [2][-]{subsection.5.2.3}{\376\377\0005\000.\0002\000.\0003\000\040\123\330\221\317\213\364\146\016}{section.5.2}% 277
\BOOKMARK [3][-]{subsubsection.5.2.3.1}{\376\377\0005\000.\0002\000.\0003\000.\0001\000\040\000h\000i\000t\000A\000l\000l\000o\000c\000a\000t\000o\000r}{subsection.5.2.3}% 278
\BOOKMARK [1][-]{section.5.3}{\376\377\0005\000.\0003\000\040\000i\000n\000c\000l\000u\000d\000e\000/\000E\000n\000e\000r\000g\000y\000T\000i\000m\000e\000S\000D\000.\000h\000h\000\040\145\207\116\366\123\302\200\003}{chapter.5}% 279
\BOOKMARK [2][-]{subsection.5.3.1}{\376\377\0005\000.\0003\000.\0001\000\040\213\346\176\306\143\317\217\360}{section.5.3}% 280
\BOOKMARK [1][-]{section.5.4}{\376\377\0005\000.\0004\000\040\000i\000n\000c\000l\000u\000d\000e\000/\000m\000u\000o\000n\000A\000c\000t\000i\000o\000n\000I\000n\000i\000t\000i\000a\000l\000i\000z\000a\000t\000i\000o\000n\000.\000h\000h\000\040\145\207\116\366\123\302\200\003}{chapter.5}% 281
\BOOKMARK [2][-]{subsection.5.4.1}{\376\377\0005\000.\0004\000.\0001\000\040\213\346\176\306\143\317\217\360}{section.5.4}% 282
\BOOKMARK [1][-]{section.5.5}{\376\377\0005\000.\0005\000\040\000i\000n\000c\000l\000u\000d\000e\000/\000m\000u\000o\000n\000D\000e\000t\000e\000c\000t\000o\000r\000C\000o\000n\000s\000t\000r\000u\000c\000t\000i\000o\000n\000.\000h\000h\000\040\145\207\116\366\123\302\200\003}{chapter.5}% 283
\BOOKMARK [2][-]{subsection.5.5.1}{\376\377\0005\000.\0005\000.\0001\000\040\213\346\176\306\143\317\217\360}{section.5.5}% 284
\BOOKMARK [1][-]{section.5.6}{\376\377\0005\000.\0006\000\040\000i\000n\000c\000l\000u\000d\000e\000/\000m\000u\000o\000n\000E\000v\000e\000n\000t\000A\000c\000t\000i\000o\000n\000.\000h\000h\000\040\145\207\116\366\123\302\200\003}{chapter.5}% 285
\BOOKMARK [2][-]{subsection.5.6.1}{\376\377\0005\000.\0006\000.\0001\000\040\213\346\176\306\143\317\217\360}{section.5.6}% 286
\BOOKMARK [1][-]{section.5.7}{\376\377\0005\000.\0007\000\040\000i\000n\000c\000l\000u\000d\000e\000/\000m\000u\000o\000n\000E\000x\000t\000r\000a\000P\000h\000y\000s\000i\000c\000s\000.\000h\000h\000\040\145\207\116\366\123\302\200\003}{chapter.5}% 287
\BOOKMARK [1][-]{section.5.8}{\376\377\0005\000.\0008\000\040\000i\000n\000c\000l\000u\000d\000e\000/\000m\000u\000o\000n\000M\000a\000t\000e\000r\000i\000a\000l\000.\000h\000h\000\040\145\207\116\366\123\302\200\003}{chapter.5}% 288
\BOOKMARK [2][-]{subsection.5.8.1}{\376\377\0005\000.\0008\000.\0001\000\040\213\346\176\306\143\317\217\360}{section.5.8}% 289
\BOOKMARK [1][-]{section.5.9}{\376\377\0005\000.\0009\000\040\000i\000n\000c\000l\000u\000d\000e\000/\000m\000u\000o\000n\000O\000p\000t\000i\000c\000a\000l\000P\000h\000y\000s\000i\000c\000s\000.\000h\000h\000\040\145\207\116\366\123\302\200\003}{chapter.5}% 290
\BOOKMARK [1][-]{section.5.10}{\376\377\0005\000.\0001\0000\000\040\000i\000n\000c\000l\000u\000d\000e\000/\000m\000u\000o\000n\000P\000h\000y\000s\000i\000c\000s\000L\000i\000s\000t\000.\000h\000h\000\040\145\207\116\366\123\302\200\003}{chapter.5}% 291
\BOOKMARK [1][-]{section.5.11}{\376\377\0005\000.\0001\0001\000\040\000i\000n\000c\000l\000u\000d\000e\000/\000m\000u\000o\000n\000P\000h\000y\000s\000i\000c\000s\000L\000i\000s\000t\000M\000e\000s\000s\000e\000n\000g\000e\000r\000.\000h\000h\000\040\145\207\116\366\123\302\200\003}{chapter.5}% 292
\BOOKMARK [1][-]{section.5.12}{\376\377\0005\000.\0001\0002\000\040\000i\000n\000c\000l\000u\000d\000e\000/\000m\000u\000o\000n\000P\000r\000i\000m\000a\000r\000y\000G\000e\000n\000e\000r\000a\000t\000o\000r\000A\000c\000t\000i\000o\000n\000.\000h\000h\000\040\145\207\116\366\123\302\200\003}{chapter.5}% 293
\BOOKMARK [2][-]{subsection.5.12.1}{\376\377\0005\000.\0001\0002\000.\0001\000\040\213\346\176\306\143\317\217\360}{section.5.12}% 294
\BOOKMARK [1][-]{section.5.13}{\376\377\0005\000.\0001\0003\000\040\000i\000n\000c\000l\000u\000d\000e\000/\000m\000u\000o\000n\000R\000u\000n\000A\000c\000t\000i\000o\000n\000.\000h\000h\000\040\145\207\116\366\123\302\200\003}{chapter.5}% 295
\BOOKMARK [2][-]{subsection.5.13.1}{\376\377\0005\000.\0001\0003\000.\0001\000\040\213\346\176\306\143\317\217\360}{section.5.13}% 296
\BOOKMARK [1][-]{section.5.14}{\376\377\0005\000.\0001\0004\000\040\000i\000n\000c\000l\000u\000d\000e\000/\000m\000u\000o\000n\000S\000t\000e\000p\000M\000a\000x\000.\000h\000h\000\040\145\207\116\366\123\302\200\003}{chapter.5}% 297
\BOOKMARK [1][-]{section.5.15}{\376\377\0005\000.\0001\0005\000\040\000i\000n\000c\000l\000u\000d\000e\000/\000m\000u\000o\000n\000S\000t\000e\000p\000p\000i\000n\000g\000A\000c\000t\000i\000o\000n\000.\000h\000h\000\040\145\207\116\366\123\302\200\003}{chapter.5}% 298
\BOOKMARK [2][-]{subsection.5.15.1}{\376\377\0005\000.\0001\0005\000.\0001\000\040\213\346\176\306\143\317\217\360}{section.5.15}% 299
\BOOKMARK [1][-]{section.5.16}{\376\377\0005\000.\0001\0006\000\040\000i\000n\000c\000l\000u\000d\000e\000/\000P\000M\000T\000h\000i\000t\000.\000h\000h\000\040\145\207\116\366\123\302\200\003}{chapter.5}% 300
\BOOKMARK [2][-]{subsection.5.16.1}{\376\377\0005\000.\0001\0006\000.\0001\000\040\213\346\176\306\143\317\217\360}{section.5.16}% 301
\BOOKMARK [2][-]{subsection.5.16.2}{\376\377\0005\000.\0001\0006\000.\0002\000\040\174\173\127\213\133\232\116\111\213\364\146\016}{section.5.16}% 302
\BOOKMARK [3][-]{subsubsection.5.16.2.1}{\376\377\0005\000.\0001\0006\000.\0002\000.\0001\000\040\000p\000m\000t\000H\000i\000t\000s\000C\000o\000l\000l\000e\000c\000t\000i\000o\000n}{subsection.5.16.2}% 303
\BOOKMARK [2][-]{subsection.5.16.3}{\376\377\0005\000.\0001\0006\000.\0003\000\040\123\330\221\317\213\364\146\016}{section.5.16}% 304
\BOOKMARK [3][-]{subsubsection.5.16.3.1}{\376\377\0005\000.\0001\0006\000.\0003\000.\0001\000\040\000p\000m\000t\000h\000i\000t\000A\000l\000l\000o\000c\000a\000t}{subsection.5.16.3}% 305
\BOOKMARK [1][-]{section.5.17}{\376\377\0005\000.\0001\0007\000\040\000i\000n\000c\000l\000u\000d\000e\000/\000P\000M\000T\000S\000D\000.\000h\000h\000\040\145\207\116\366\123\302\200\003}{chapter.5}% 306
\BOOKMARK [2][-]{subsection.5.17.1}{\376\377\0005\000.\0001\0007\000.\0001\000\040\213\346\176\306\143\317\217\360}{section.5.17}% 307
\BOOKMARK [1][-]{section.5.18}{\376\377\0005\000.\0001\0008\000\040\000m\000a\000i\000n\000.\000c\000c\000\040\145\207\116\366\123\302\200\003}{chapter.5}% 308
\BOOKMARK [2][-]{subsection.5.18.1}{\376\377\0005\000.\0001\0008\000.\0001\000\040\213\346\176\306\143\317\217\360}{section.5.18}% 309
\BOOKMARK [2][-]{subsection.5.18.2}{\376\377\0005\000.\0001\0008\000.\0002\000\040\121\375\145\160\213\364\146\016}{section.5.18}% 310
\BOOKMARK [3][-]{subsubsection.5.18.2.1}{\376\377\0005\000.\0001\0008\000.\0002\000.\0001\000\040\000m\000a\000i\000n\000\050\000\051}{subsection.5.18.2}% 311
\BOOKMARK [1][-]{section.5.19}{\376\377\0005\000.\0001\0009\000\040\000s\000r\000c\000/\000E\000n\000e\000r\000g\000y\000T\000i\000m\000e\000H\000i\000t\000.\000c\000c\000\040\145\207\116\366\123\302\200\003}{chapter.5}% 312
\BOOKMARK [2][-]{subsection.5.19.1}{\376\377\0005\000.\0001\0009\000.\0001\000\040\213\346\176\306\143\317\217\360}{section.5.19}% 313
\BOOKMARK [2][-]{subsection.5.19.2}{\376\377\0005\000.\0001\0009\000.\0002\000\040\123\330\221\317\213\364\146\016}{section.5.19}% 314
\BOOKMARK [3][-]{subsubsection.5.19.2.1}{\376\377\0005\000.\0001\0009\000.\0002\000.\0001\000\040\000h\000i\000t\000A\000l\000l\000o\000c\000a\000t\000o\000r}{subsection.5.19.2}% 315
\BOOKMARK [1][-]{section.5.20}{\376\377\0005\000.\0002\0000\000\040\000s\000r\000c\000/\000E\000n\000e\000r\000g\000y\000T\000i\000m\000e\000S\000D\000.\000c\000c\000\040\145\207\116\366\123\302\200\003}{chapter.5}% 316
\BOOKMARK [2][-]{subsection.5.20.1}{\376\377\0005\000.\0002\0000\000.\0001\000\040\213\346\176\306\143\317\217\360}{section.5.20}% 317
\BOOKMARK [1][-]{section.5.21}{\376\377\0005\000.\0002\0001\000\040\000s\000r\000c\000/\000m\000u\000o\000n\000A\000c\000t\000i\000o\000n\000I\000n\000i\000t\000i\000a\000l\000i\000z\000a\000t\000i\000o\000n\000.\000c\000c\000\040\145\207\116\366\123\302\200\003}{chapter.5}% 318
\BOOKMARK [2][-]{subsection.5.21.1}{\376\377\0005\000.\0002\0001\000.\0001\000\040\213\346\176\306\143\317\217\360}{section.5.21}% 319
\BOOKMARK [1][-]{section.5.22}{\376\377\0005\000.\0002\0002\000\040\000s\000r\000c\000/\000m\000u\000o\000n\000D\000e\000t\000e\000c\000t\000o\000r\000C\000o\000n\000s\000t\000r\000u\000c\000t\000i\000o\000n\000.\000c\000c\000\040\145\207\116\366\123\302\200\003}{chapter.5}% 320
\BOOKMARK [2][-]{subsection.5.22.1}{\376\377\0005\000.\0002\0002\000.\0001\000\040\213\346\176\306\143\317\217\360}{section.5.22}% 321
\BOOKMARK [1][-]{section.5.23}{\376\377\0005\000.\0002\0003\000\040\000s\000r\000c\000/\000m\000u\000o\000n\000E\000v\000e\000n\000t\000A\000c\000t\000i\000o\000n\000.\000c\000c\000\040\145\207\116\366\123\302\200\003}{chapter.5}% 322
\BOOKMARK [2][-]{subsection.5.23.1}{\376\377\0005\000.\0002\0003\000.\0001\000\040\213\346\176\306\143\317\217\360}{section.5.23}% 323
\BOOKMARK [1][-]{section.5.24}{\376\377\0005\000.\0002\0004\000\040\000s\000r\000c\000/\000m\000u\000o\000n\000E\000x\000t\000r\000a\000P\000h\000y\000s\000i\000c\000s\000.\000c\000c\000\040\145\207\116\366\123\302\200\003}{chapter.5}% 324
\BOOKMARK [1][-]{section.5.25}{\376\377\0005\000.\0002\0005\000\040\000s\000r\000c\000/\000m\000u\000o\000n\000M\000a\000t\000e\000r\000i\000a\000l\000.\000c\000c\000\040\145\207\116\366\123\302\200\003}{chapter.5}% 325
\BOOKMARK [2][-]{subsection.5.25.1}{\376\377\0005\000.\0002\0005\000.\0001\000\040\213\346\176\306\143\317\217\360}{section.5.25}% 326
\BOOKMARK [1][-]{section.5.26}{\376\377\0005\000.\0002\0006\000\040\000s\000r\000c\000/\000m\000u\000o\000n\000O\000p\000t\000i\000c\000a\000l\000P\000h\000y\000s\000i\000c\000s\000.\000c\000c\000\040\145\207\116\366\123\302\200\003}{chapter.5}% 327
\BOOKMARK [1][-]{section.5.27}{\376\377\0005\000.\0002\0007\000\040\000s\000r\000c\000/\000m\000u\000o\000n\000P\000h\000y\000s\000i\000c\000s\000L\000i\000s\000t\000.\000c\000c\000\040\145\207\116\366\123\302\200\003}{chapter.5}% 328
\BOOKMARK [1][-]{section.5.28}{\376\377\0005\000.\0002\0008\000\040\000s\000r\000c\000/\000m\000u\000o\000n\000P\000h\000y\000s\000i\000c\000s\000L\000i\000s\000t\000M\000e\000s\000s\000e\000n\000g\000e\000r\000.\000c\000c\000\040\145\207\116\366\123\302\200\003}{chapter.5}% 329
\BOOKMARK [1][-]{section.5.29}{\376\377\0005\000.\0002\0009\000\040\000s\000r\000c\000/\000m\000u\000o\000n\000P\000r\000i\000m\000a\000r\000y\000G\000e\000n\000e\000r\000a\000t\000o\000r\000A\000c\000t\000i\000o\000n\000.\000c\000c\000\040\145\207\116\366\123\302\200\003}{chapter.5}% 330
\BOOKMARK [2][-]{subsection.5.29.1}{\376\377\0005\000.\0002\0009\000.\0001\000\040\213\346\176\306\143\317\217\360}{section.5.29}% 331
\BOOKMARK [1][-]{section.5.30}{\376\377\0005\000.\0003\0000\000\040\000s\000r\000c\000/\000m\000u\000o\000n\000R\000u\000n\000A\000c\000t\000i\000o\000n\000.\000c\000c\000\040\145\207\116\366\123\302\200\003}{chapter.5}% 332
\BOOKMARK [2][-]{subsection.5.30.1}{\376\377\0005\000.\0003\0000\000.\0001\000\040\213\346\176\306\143\317\217\360}{section.5.30}% 333
\BOOKMARK [1][-]{section.5.31}{\376\377\0005\000.\0003\0001\000\040\000s\000r\000c\000/\000m\000u\000o\000n\000S\000t\000e\000p\000M\000a\000x\000.\000c\000c\000\040\145\207\116\366\123\302\200\003}{chapter.5}% 334
\BOOKMARK [1][-]{section.5.32}{\376\377\0005\000.\0003\0002\000\040\000s\000r\000c\000/\000m\000u\000o\000n\000S\000t\000e\000p\000p\000i\000n\000g\000A\000c\000t\000i\000o\000n\000.\000c\000c\000\040\145\207\116\366\123\302\200\003}{chapter.5}% 335
\BOOKMARK [2][-]{subsection.5.32.1}{\376\377\0005\000.\0003\0002\000.\0001\000\040\213\346\176\306\143\317\217\360}{section.5.32}% 336
\BOOKMARK [1][-]{section.5.33}{\376\377\0005\000.\0003\0003\000\040\000s\000r\000c\000/\000P\000M\000T\000h\000i\000t\000.\000c\000c\000\040\145\207\116\366\123\302\200\003}{chapter.5}% 337
\BOOKMARK [2][-]{subsection.5.33.1}{\376\377\0005\000.\0003\0003\000.\0001\000\040\213\346\176\306\143\317\217\360}{section.5.33}% 338
\BOOKMARK [2][-]{subsection.5.33.2}{\376\377\0005\000.\0003\0003\000.\0002\000\040\123\330\221\317\213\364\146\016}{section.5.33}% 339
\BOOKMARK [3][-]{subsubsection.5.33.2.1}{\376\377\0005\000.\0003\0003\000.\0002\000.\0001\000\040\000p\000m\000t\000h\000i\000t\000A\000l\000l\000o\000c\000a\000t}{subsection.5.33.2}% 340
\BOOKMARK [1][-]{section.5.34}{\376\377\0005\000.\0003\0004\000\040\000s\000r\000c\000/\000P\000M\000T\000S\000D\000.\000c\000c\000\040\145\207\116\366\123\302\200\003}{chapter.5}% 341
\BOOKMARK [2][-]{subsection.5.34.1}{\376\377\0005\000.\0003\0004\000.\0001\000\040\213\346\176\306\143\317\217\360}{section.5.34}% 342
